Determining if the pthread_create exist failed with the following output:
Change Dir: /home/jerluen/tdcr-crt/build/CMakeFiles/CMakeTmp

Run Build Command:"/usr/bin/make" "cmTC_2c785/fast"
/usr/bin/make -f CMakeFiles/cmTC_2c785.dir/build.make CMakeFiles/cmTC_2c785.dir/build
make[1]: Entering directory '/home/jerluen/tdcr-crt/build/CMakeFiles/CMakeTmp'
Building C object CMakeFiles/cmTC_2c785.dir/CheckSymbolExists.c.o
/usr/bin/cc    -o CMakeFiles/cmTC_2c785.dir/CheckSymbolExists.c.o   -c /home/jerluen/tdcr-crt/build/CMakeFiles/CMakeTmp/CheckSymbolExists.c
Linking C executable cmTC_2c785
/usr/bin/cmake -E cmake_link_script CMakeFiles/cmTC_2c785.dir/link.txt --verbose=1
/usr/bin/cc      CMakeFiles/cmTC_2c785.dir/CheckSymbolExists.c.o  -o cmTC_2c785 
CMakeFiles/cmTC_2c785.dir/CheckSymbolExists.c.o: In function `main':
CheckSymbolExists.c:(.text+0x1b): undefined reference to `pthread_create'
collect2: error: ld returned 1 exit status
CMakeFiles/cmTC_2c785.dir/build.make:97: recipe for target 'cmTC_2c785' failed
make[1]: *** [cmTC_2c785] Error 1
make[1]: Leaving directory '/home/jerluen/tdcr-crt/build/CMakeFiles/CMakeTmp'
Makefile:126: recipe for target 'cmTC_2c785/fast' failed
make: *** [cmTC_2c785/fast] Error 2

File /home/jerluen/tdcr-crt/build/CMakeFiles/CMakeTmp/CheckSymbolExists.c:
/* */
#include <pthread.h>

int main(int argc, char** argv)
{
  (void)argv;
#ifndef pthread_create
  return ((int*)(&pthread_create))[argc];
#else
  (void)argc;
  return 0;
#endif
}

Determining if the function pthread_create exists in the pthreads failed with the following output:
Change Dir: /home/jerluen/tdcr-crt/build/CMakeFiles/CMakeTmp

Run Build Command:"/usr/bin/make" "cmTC_d0d9c/fast"
/usr/bin/make -f CMakeFiles/cmTC_d0d9c.dir/build.make CMakeFiles/cmTC_d0d9c.dir/build
make[1]: Entering directory '/home/jerluen/tdcr-crt/build/CMakeFiles/CMakeTmp'
Building C object CMakeFiles/cmTC_d0d9c.dir/CheckFunctionExists.c.o
/usr/bin/cc   -DCHECK_FUNCTION_EXISTS=pthread_create   -o CMakeFiles/cmTC_d0d9c.dir/CheckFunctionExists.c.o   -c /usr/share/cmake-3.10/Modules/CheckFunctionExists.c
Linking C executable cmTC_d0d9c
/usr/bin/cmake -E cmake_link_script CMakeFiles/cmTC_d0d9c.dir/link.txt --verbose=1
/usr/bin/cc  -DCHECK_FUNCTION_EXISTS=pthread_create    CMakeFiles/cmTC_d0d9c.dir/CheckFunctionExists.c.o  -o cmTC_d0d9c -lpthreads 
/usr/bin/ld: cannot find -lpthreads
collect2: error: ld returned 1 exit status
CMakeFiles/cmTC_d0d9c.dir/build.make:97: recipe for target 'cmTC_d0d9c' failed
make[1]: *** [cmTC_d0d9c] Error 1
make[1]: Leaving directory '/home/jerluen/tdcr-crt/build/CMakeFiles/CMakeTmp'
Makefile:126: recipe for target 'cmTC_d0d9c/fast' failed
make: *** [cmTC_d0d9c/fast] Error 2


